<?xml version="1.0" encoding="UTF-8"?>
<testsuite name="model.ExpenseReportTest" tests="14" skipped="0" failures="0" errors="0" timestamp="2023-12-24T20:35:10" hostname="LAPTOP-M4SUCN8H" time="0.027">
  <properties/>
  <testcase name="testGetEntriesInRangeAllInRange()" classname="model.ExpenseReportTest" time="0.001"/>
  <testcase name="testDeleteEntryOne()" classname="model.ExpenseReportTest" time="0.0"/>
  <testcase name="testGetAllEntriesMany()" classname="model.ExpenseReportTest" time="0.001"/>
  <testcase name="testIsEmptyMany()" classname="model.ExpenseReportTest" time="0.0"/>
  <testcase name="testAddEntryEmpty()" classname="model.ExpenseReportTest" time="0.001"/>
  <testcase name="testDeleteEntryMany()" classname="model.ExpenseReportTest" time="0.001"/>
  <testcase name="testAddEntryMany()" classname="model.ExpenseReportTest" time="0.0"/>
  <testcase name="testSumEntriesEmpty()" classname="model.ExpenseReportTest" time="0.002"/>
  <testcase name="testGetEntriesInRangeOneInRange()" classname="model.ExpenseReportTest" time="0.0"/>
  <testcase name="testSumEntriesMany()" classname="model.ExpenseReportTest" time="0.001"/>
  <testcase name="testConstructor()" classname="model.ExpenseReportTest" time="0.002"/>
  <testcase name="testGetAllEntriesEmpty()" classname="model.ExpenseReportTest" time="0.002"/>
  <testcase name="testGetEntriesInRangeNoneInRange()" classname="model.ExpenseReportTest" time="0.001"/>
  <testcase name="testIsEmptyEmpty()" classname="model.ExpenseReportTest" time="0.001"/>
  <system-out><![CDATA[]]></system-out>
  <system-err><![CDATA[]]></system-err>
</testsuite>
