<?xml version="1.0" encoding="UTF-8"?>
<testsuite name="persistence.JsonReaderTest" tests="6" skipped="0" failures="0" errors="0" timestamp="2023-12-24T20:35:10" hostname="LAPTOP-M4SUCN8H" time="0.023">
  <properties/>
  <testcase name="testReaderExpenseManyIncomeEmpty()" classname="persistence.JsonReaderTest" time="0.012"/>
  <testcase name="testReaderExpenseEmptyIncomeMany()" classname="persistence.JsonReaderTest" time="0.001"/>
  <testcase name="testReaderEmptyBudget()" classname="persistence.JsonReaderTest" time="0.001"/>
  <testcase name="testReaderGeneralBudget()" classname="persistence.JsonReaderTest" time="0.001"/>
  <testcase name="testReaderNonExistentFile()" classname="persistence.JsonReaderTest" time="0.001"/>
  <testcase name="testReaderInvalidEntries()" classname="persistence.JsonReaderTest" time="0.002"/>
  <system-out><![CDATA[]]></system-out>
  <system-err><![CDATA[]]></system-err>
</testsuite>
