<?xml version="1.0" encoding="UTF-8"?>
<testsuite name="model.BudgetTest" tests="8" skipped="0" failures="0" errors="0" timestamp="2023-12-24T20:35:10" hostname="LAPTOP-M4SUCN8H" time="0.038">
  <properties/>
  <testcase name="testIsSurplus()" classname="model.BudgetTest" time="0.024"/>
  <testcase name="testGetters()" classname="model.BudgetTest" time="0.001"/>
  <testcase name="testAddExpense()" classname="model.BudgetTest" time="0.001"/>
  <testcase name="testIsSurplusZeroCase()" classname="model.BudgetTest" time="0.001"/>
  <testcase name="testAddIncome()" classname="model.BudgetTest" time="0.001"/>
  <testcase name="testIsDeficitZeroCase()" classname="model.BudgetTest" time="0.001"/>
  <testcase name="testIsDeficit()" classname="model.BudgetTest" time="0.001"/>
  <testcase name="testConstructor()" classname="model.BudgetTest" time="0.001"/>
  <system-out><![CDATA[]]></system-out>
  <system-err><![CDATA[]]></system-err>
</testsuite>
