<?xml version="1.0" encoding="UTF-8"?>
<testsuite name="persistence.JsonWriterTest" tests="5" skipped="0" failures="0" errors="0" timestamp="2023-12-24T20:35:10" hostname="LAPTOP-M4SUCN8H" time="0.022">
  <properties/>
  <testcase name="testWriterExpenseManyIncomeEmpty()" classname="persistence.JsonWriterTest" time="0.006"/>
  <testcase name="testWriterExpenseEmptyIncomeMany()" classname="persistence.JsonWriterTest" time="0.004"/>
  <testcase name="testWriterEmptyBudget()" classname="persistence.JsonWriterTest" time="0.003"/>
  <testcase name="testWriterGeneralBudget()" classname="persistence.JsonWriterTest" time="0.004"/>
  <testcase name="testWriterInvalidFile()" classname="persistence.JsonWriterTest" time="0.001"/>
  <system-out><![CDATA[]]></system-out>
  <system-err><![CDATA[]]></system-err>
</testsuite>
