<?xml version="1.0" encoding="UTF-8"?>
<testsuite name="model.IncomeTest" tests="11" skipped="0" failures="0" errors="0" timestamp="2023-12-24T20:35:10" hostname="LAPTOP-M4SUCN8H" time="0.014">
  <properties/>
  <testcase name="testSetDescriptionExpectEmptyStringException()" classname="model.IncomeTest" time="0.0"/>
  <testcase name="testGetEntry()" classname="model.IncomeTest" time="0.0"/>
  <testcase name="testSetAmountNoException()" classname="model.IncomeTest" time="0.0"/>
  <testcase name="testToString()" classname="model.IncomeTest" time="0.002"/>
  <testcase name="testSetDateIntegerParameters()" classname="model.IncomeTest" time="0.001"/>
  <testcase name="testSetDescriptionNoException()" classname="model.IncomeTest" time="0.001"/>
  <testcase name="testSetAmountExpectNegativeInputException()" classname="model.IncomeTest" time="0.001"/>
  <testcase name="testSetDateCalendarParameter()" classname="model.IncomeTest" time="0.0"/>
  <testcase name="testConstructorNoException()" classname="model.IncomeTest" time="0.0"/>
  <testcase name="testConstructorExpectEmptyStringException()" classname="model.IncomeTest" time="0.0"/>
  <testcase name="testConstructorExpectNegativeInputException()" classname="model.IncomeTest" time="0.001"/>
  <system-out><![CDATA[]]></system-out>
  <system-err><![CDATA[]]></system-err>
</testsuite>
